  Installe les assets
  installing resources...
    installing 'C:\\Users\\pluk1901\\Desktop\\Sources\Resources\0.patch' to 'C:\\Users\\pluk1901\\Desktop\\Sources\\x64\\Gold\0.patch'
    installing 'C:\\Users\\pluk1901\\Desktop\\Sources\Resources\1.patch' to 'C:\\Users\\pluk1901\\Desktop\\Sources\\x64\\Gold\1.patch'
    installing 'C:\\Users\\pluk1901\\Desktop\\Sources\Resources\2.patch' to 'C:\\Users\\pluk1901\\Desktop\\Sources\\x64\\Gold\2.patch'
    installing 'C:\\Users\\pluk1901\\Desktop\\Sources\Resources\3.patch' to 'C:\\Users\\pluk1901\\Desktop\\Sources\\x64\\Gold\3.patch'
    installing 'C:\\Users\\pluk1901\\Desktop\\Sources\Resources\arbre_1.dds' to 'C:\\Users\\pluk1901\\Desktop\\Sources\\x64\\Gold\arbre_1.dds'
    installing 'C:\\Users\\pluk1901\\Desktop\\Sources\Resources\Asphalt_001_COLOR.dds' to 'C:\\Users\\pluk1901\\Desktop\\Sources\\x64\\Gold\Asphalt_001_COLOR.dds'
    installing 'C:\\Users\\pluk1901\\Desktop\\Sources\Resources\Asphalt_001_NRM.dds' to 'C:\\Users\\pluk1901\\Desktop\\Sources\\x64\\Gold\Asphalt_001_NRM.dds'
    installing 'C:\\Users\\pluk1901\\Desktop\\Sources\Resources\barriere_campagne.fbx' to 'C:\\Users\\pluk1901\\Desktop\\Sources\\x64\\Gold\barriere_campagne.fbx'
    installing 'C:\\Users\\pluk1901\\Desktop\\Sources\Resources\Black_Diffuse.dds' to 'C:\\Users\\pluk1901\\Desktop\\Sources\\x64\\Gold\Black_Diffuse.dds'
    installing 'C:\\Users\\pluk1901\\Desktop\\Sources\Resources\Bloc_Diffuse.dds' to 'C:\\Users\\pluk1901\\Desktop\\Sources\\x64\\Gold\Bloc_Diffuse.dds'
    installing 'C:\\Users\\pluk1901\\Desktop\\Sources\Resources\Bloc_Emission.dds' to 'C:\\Users\\pluk1901\\Desktop\\Sources\\x64\\Gold\Bloc_Emission.dds'
    installing 'C:\\Users\\pluk1901\\Desktop\\Sources\Resources\Brick_Wall_COLOR.dds' to 'C:\\Users\\pluk1901\\Desktop\\Sources\\x64\\Gold\Brick_Wall_COLOR.dds'
    installing 'C:\\Users\\pluk1901\\Desktop\\Sources\Resources\Brick_Wall_EM.dds' to 'C:\\Users\\pluk1901\\Desktop\\Sources\\x64\\Gold\Brick_Wall_EM.dds'
    installing 'C:\\Users\\pluk1901\\Desktop\\Sources\Resources\Brick_Wall_NORM.dds' to 'C:\\Users\\pluk1901\\Desktop\\Sources\\x64\\Gold\Brick_Wall_NORM.dds'
    installing 'C:\\Users\\pluk1901\\Desktop\\Sources\Resources\Building_Part.fbx' to 'C:\\Users\\pluk1901\\Desktop\\Sources\\x64\\Gold\Building_Part.fbx'
    installing 'C:\\Users\\pluk1901\\Desktop\\Sources\Resources\building_roof.fbx' to 'C:\\Users\\pluk1901\\Desktop\\Sources\\x64\\Gold\building_roof.fbx'
    installing 'C:\\Users\\pluk1901\\Desktop\\Sources\Resources\chaise.fbx' to 'C:\\Users\\pluk1901\\Desktop\\Sources\\x64\\Gold\chaise.fbx'
    installing 'C:\\Users\\pluk1901\\Desktop\\Sources\Resources\collar.dds' to 'C:\\Users\\pluk1901\\Desktop\\Sources\\x64\\Gold\collar.dds'
    installing 'C:\\Users\\pluk1901\\Desktop\\Sources\Resources\cube.fbx' to 'C:\\Users\\pluk1901\\Desktop\\Sources\\x64\\Gold\cube.fbx'
    installing 'C:\\Users\\pluk1901\\Desktop\\Sources\Resources\cube.mtl' to 'C:\\Users\\pluk1901\\Desktop\\Sources\\x64\\Gold\cube.mtl'
    installing 'C:\\Users\\pluk1901\\Desktop\\Sources\Resources\cube.obj' to 'C:\\Users\\pluk1901\\Desktop\\Sources\\x64\\Gold\cube.obj'
    installing 'C:\\Users\\pluk1901\\Desktop\\Sources\Resources\day2_skybox.dds' to 'C:\\Users\\pluk1901\\Desktop\\Sources\\x64\\Gold\day2_skybox.dds'
    installing 'C:\\Users\\pluk1901\\Desktop\\Sources\Resources\DS-DIGI.TTF' to 'C:\\Users\\pluk1901\\Desktop\\Sources\\x64\\Gold\DS-DIGI.TTF'
    installing 'C:\\Users\\pluk1901\\Desktop\\Sources\Resources\fleche_avancer.dds' to 'C:\\Users\\pluk1901\\Desktop\\Sources\\x64\\Gold\fleche_avancer.dds'
    installing 'C:\\Users\\pluk1901\\Desktop\\Sources\Resources\Floor_Brown_EM.dds' to 'C:\\Users\\pluk1901\\Desktop\\Sources\\x64\\Gold\Floor_Brown_EM.dds'
    installing 'C:\\Users\\pluk1901\\Desktop\\Sources\Resources\Floor_Green_EM.dds' to 'C:\\Users\\pluk1901\\Desktop\\Sources\\x64\\Gold\Floor_Green_EM.dds'
    installing 'C:\\Users\\pluk1901\\Desktop\\Sources\Resources\Floor_Purple_EM.dds' to 'C:\\Users\\pluk1901\\Desktop\\Sources\\x64\\Gold\Floor_Purple_EM.dds'
    installing 'C:\\Users\\pluk1901\\Desktop\\Sources\Resources\Floor_White_Trail_EM.dds' to 'C:\\Users\\pluk1901\\Desktop\\Sources\\x64\\Gold\Floor_White_Trail_EM.dds'
    installing 'C:\\Users\\pluk1901\\Desktop\\Sources\Resources\Floor_Yellow_EM.dds' to 'C:\\Users\\pluk1901\\Desktop\\Sources\\x64\\Gold\Floor_Yellow_EM.dds'
    installing 'C:\\Users\\pluk1901\\Desktop\\Sources\Resources\fon_men_princ.dds' to 'C:\\Users\\pluk1901\\Desktop\\Sources\\x64\\Gold\fon_men_princ.dds'
    installing 'C:\\Users\\pluk1901\\Desktop\\Sources\Resources\Grass_001_COLOR.dds' to 'C:\\Users\\pluk1901\\Desktop\\Sources\\x64\\Gold\Grass_001_COLOR.dds'
    installing 'C:\\Users\\pluk1901\\Desktop\\Sources\Resources\Grass_001_NRM.dds' to 'C:\\Users\\pluk1901\\Desktop\\Sources\\x64\\Gold\Grass_001_NRM.dds'
    installing 'C:\\Users\\pluk1901\\Desktop\\Sources\Resources\GroundForestRoots001_COL_3K.dds' to 'C:\\Users\\pluk1901\\Desktop\\Sources\\x64\\Gold\GroundForestRoots001_COL_3K.dds'
    installing 'C:\\Users\\pluk1901\\Desktop\\Sources\Resources\GroundForestRoots001_NRM_3K.dds' to 'C:\\Users\\pluk1901\\Desktop\\Sources\\x64\\Gold\GroundForestRoots001_NRM_3K.dds'
    installing 'C:\\Users\\pluk1901\\Desktop\\Sources\Resources\GroundMoss001_COL_3K.dds' to 'C:\\Users\\pluk1901\\Desktop\\Sources\\x64\\Gold\GroundMoss001_COL_3K.dds'
    installing 'C:\\Users\\pluk1901\\Desktop\\Sources\Resources\GroundMoss001_NRM_3K.dds' to 'C:\\Users\\pluk1901\\Desktop\\Sources\\x64\\Gold\GroundMoss001_NRM_3K.dds'
    installing 'C:\\Users\\pluk1901\\Desktop\\Sources\Resources\GroundTireTracks001_COL_3K.dds' to 'C:\\Users\\pluk1901\\Desktop\\Sources\\x64\\Gold\GroundTireTracks001_COL_3K.dds'
    installing 'C:\\Users\\pluk1901\\Desktop\\Sources\Resources\GroundTireTracks001_NRM_3K.dds' to 'C:\\Users\\pluk1901\\Desktop\\Sources\\x64\\Gold\GroundTireTracks001_NRM_3K.dds'
    installing 'C:\\Users\\pluk1901\\Desktop\\Sources\Resources\high_res_tron_skybox.dds' to 'C:\\Users\\pluk1901\\Desktop\\Sources\\x64\\Gold\high_res_tron_skybox.dds'
    installing 'C:\\Users\\pluk1901\\Desktop\\Sources\Resources\lampadaire.mtl' to 'C:\\Users\\pluk1901\\Desktop\\Sources\\x64\\Gold\lampadaire.mtl'
    installing 'C:\\Users\\pluk1901\\Desktop\\Sources\Resources\lampadaire.obj' to 'C:\\Users\\pluk1901\\Desktop\\Sources\\x64\\Gold\lampadaire.obj'
    installing 'C:\\Users\\pluk1901\\Desktop\\Sources\Resources\layout1.dds' to 'C:\\Users\\pluk1901\\Desktop\\Sources\\x64\\Gold\layout1.dds'
    installing 'C:\\Users\\pluk1901\\Desktop\\Sources\Resources\layout2.dds' to 'C:\\Users\\pluk1901\\Desktop\\Sources\\x64\\Gold\layout2.dds'
    installing 'C:\\Users\\pluk1901\\Desktop\\Sources\Resources\layout3.dds' to 'C:\\Users\\pluk1901\\Desktop\\Sources\\x64\\Gold\layout3.dds'
    installing 'C:\\Users\\pluk1901\\Desktop\\Sources\Resources\layout4.dds' to 'C:\\Users\\pluk1901\\Desktop\\Sources\\x64\\Gold\layout4.dds'
    installing 'C:\\Users\\pluk1901\\Desktop\\Sources\Resources\LayoutMap.dds' to 'C:\\Users\\pluk1901\\Desktop\\Sources\\x64\\Gold\LayoutMap.dds'
    installing 'C:\\Users\\pluk1901\\Desktop\\Sources\Resources\ligne_blanche.dds' to 'C:\\Users\\pluk1901\\Desktop\\Sources\\x64\\Gold\ligne_blanche.dds'
    installing 'C:\\Users\\pluk1901\\Desktop\\Sources\Resources\magnifique_fond_menu.dds' to 'C:\\Users\\pluk1901\\Desktop\\Sources\\x64\\Gold\magnifique_fond_menu.dds'
    installing 'C:\\Users\\pluk1901\\Desktop\\Sources\Resources\Map_limits.dds' to 'C:\\Users\\pluk1901\\Desktop\\Sources\\x64\\Gold\Map_limits.dds'
    installing 'C:\\Users\\pluk1901\\Desktop\\Sources\Resources\Map_limits.mtl' to 'C:\\Users\\pluk1901\\Desktop\\Sources\\x64\\Gold\Map_limits.mtl'
    installing 'C:\\Users\\pluk1901\\Desktop\\Sources\Resources\Map_limits.obj' to 'C:\\Users\\pluk1901\\Desktop\\Sources\\x64\\Gold\Map_limits.obj'
    installing 'C:\\Users\\pluk1901\\Desktop\\Sources\Resources\menu_jeux.dds' to 'C:\\Users\\pluk1901\\Desktop\\Sources\\x64\\Gold\menu_jeux.dds'
    installing 'C:\\Users\\pluk1901\\Desktop\\Sources\Resources\murs' to 'C:\\Users\\pluk1901\\Desktop\\Sources\\x64\\Gold\murs'
    installing 'C:\\Users\\pluk1901\\Desktop\\Sources\Resources\NPC.dds' to 'C:\\Users\\pluk1901\\Desktop\\Sources\\x64\\Gold\NPC.dds'
    installing 'C:\\Users\\pluk1901\\Desktop\\Sources\Resources\out.patch' to 'C:\\Users\\pluk1901\\Desktop\\Sources\\x64\\Gold\out.patch'
    installing 'C:\\Users\\pluk1901\\Desktop\\Sources\Resources\out_old.patch' to 'C:\\Users\\pluk1901\\Desktop\\Sources\\x64\\Gold\out_old.patch'
    installing 'C:\\Users\\pluk1901\\Desktop\\Sources\Resources\PetitMoteur3D.aps' to 'C:\\Users\\pluk1901\\Desktop\\Sources\\x64\\Gold\PetitMoteur3D.aps'
    installing 'C:\\Users\\pluk1901\\Desktop\\Sources\Resources\PetitMoteur3D.ico' to 'C:\\Users\\pluk1901\\Desktop\\Sources\\x64\\Gold\PetitMoteur3D.ico'
    installing 'C:\\Users\\pluk1901\\Desktop\\Sources\Resources\PetitMoteur3D.rc' to 'C:\\Users\\pluk1901\\Desktop\\Sources\\x64\\Gold\PetitMoteur3D.rc'
    installing 'C:\\Users\\pluk1901\\Desktop\\Sources\Resources\player.mtl' to 'C:\\Users\\pluk1901\\Desktop\\Sources\\x64\\Gold\player.mtl'
    installing 'C:\\Users\\pluk1901\\Desktop\\Sources\Resources\player.obj' to 'C:\\Users\\pluk1901\\Desktop\\Sources\\x64\\Gold\player.obj'
    installing 'C:\\Users\\pluk1901\\Desktop\\Sources\Resources\resource.h' to 'C:\\Users\\pluk1901\\Desktop\\Sources\\x64\\Gold\resource.h'
    installing 'C:\\Users\\pluk1901\\Desktop\\Sources\Resources\reticule_de_la_mort.dds' to 'C:\\Users\\pluk1901\\Desktop\\Sources\\x64\\Gold\reticule_de_la_mort.dds'
    installing 'C:\\Users\\pluk1901\\Desktop\\Sources\Resources\reticule_de_la_mort.png' to 'C:\\Users\\pluk1901\\Desktop\\Sources\\x64\\Gold\reticule_de_la_mort.png'
    installing 'C:\\Users\\pluk1901\\Desktop\\Sources\Resources\reticule_de_la_mort.xcf' to 'C:\\Users\\pluk1901\\Desktop\\Sources\\x64\\Gold\reticule_de_la_mort.xcf'
    installing 'C:\\Users\\pluk1901\\Desktop\\Sources\Resources\Salsa_64.mtl' to 'C:\\Users\\pluk1901\\Desktop\\Sources\\x64\\Gold\Salsa_64.mtl'
    installing 'C:\\Users\\pluk1901\\Desktop\\Sources\Resources\Salsa_64.obj' to 'C:\\Users\\pluk1901\\Desktop\\Sources\\x64\\Gold\Salsa_64.obj'
    installing 'C:\\Users\\pluk1901\\Desktop\\Sources\Resources\Salsa_64_2.mtl' to 'C:\\Users\\pluk1901\\Desktop\\Sources\\x64\\Gold\Salsa_64_2.mtl'
    installing 'C:\\Users\\pluk1901\\Desktop\\Sources\Resources\Salsa_64_2.obj' to 'C:\\Users\\pluk1901\\Desktop\\Sources\\x64\\Gold\Salsa_64_2.obj'
    installing 'C:\\Users\\pluk1901\\Desktop\\Sources\Resources\shittyromanhouse.obj' to 'C:\\Users\\pluk1901\\Desktop\\Sources\\x64\\Gold\shittyromanhouse.obj'
    installing 'C:\\Users\\pluk1901\\Desktop\\Sources\Resources\SimpleNormal.dds' to 'C:\\Users\\pluk1901\\Desktop\\Sources\\x64\\Gold\SimpleNormal.dds'
    installing 'C:\\Users\\pluk1901\\Desktop\\Sources\Resources\SimpleTexture.dds' to 'C:\\Users\\pluk1901\\Desktop\\Sources\\x64\\Gold\SimpleTexture.dds'
    installing 'C:\\Users\\pluk1901\\Desktop\\Sources\Resources\skybox.fbx' to 'C:\\Users\\pluk1901\\Desktop\\Sources\\x64\\Gold\skybox.fbx'
    installing 'C:\\Users\\pluk1901\\Desktop\\Sources\Resources\small.ico' to 'C:\\Users\\pluk1901\\Desktop\\Sources\\x64\\Gold\small.ico'
    installing 'C:\\Users\\pluk1901\\Desktop\\Sources\Resources\smooth_sphere.obj' to 'C:\\Users\\pluk1901\\Desktop\\Sources\\x64\\Gold\smooth_sphere.obj'
    installing 'C:\\Users\\pluk1901\\Desktop\\Sources\Resources\SphereLight.mtl' to 'C:\\Users\\pluk1901\\Desktop\\Sources\\x64\\Gold\SphereLight.mtl'
    installing 'C:\\Users\\pluk1901\\Desktop\\Sources\Resources\SphereLight.obj' to 'C:\\Users\\pluk1901\\Desktop\\Sources\\x64\\Gold\SphereLight.obj'
    installing 'C:\\Users\\pluk1901\\Desktop\\Sources\Resources\table.fbx' to 'C:\\Users\\pluk1901\\Desktop\\Sources\\x64\\Gold\table.fbx'
    installing 'C:\\Users\\pluk1901\\Desktop\\Sources\Resources\tex_chaise.dds' to 'C:\\Users\\pluk1901\\Desktop\\Sources\\x64\\Gold\tex_chaise.dds'
    installing 'C:\\Users\\pluk1901\\Desktop\\Sources\Resources\tex_table.dds' to 'C:\\Users\\pluk1901\\Desktop\\Sources\\x64\\Gold\tex_table.dds'
    installing 'C:\\Users\\pluk1901\\Desktop\\Sources\Resources\tron_men.dds' to 'C:\\Users\\pluk1901\\Desktop\\Sources\\x64\\Gold\tron_men.dds'
    installing 'C:\\Users\\pluk1901\\Desktop\\Sources\Resources\tron_skybox.dds' to 'C:\\Users\\pluk1901\\Desktop\\Sources\\x64\\Gold\tron_skybox.dds'
    installing 'C:\\Users\\pluk1901\\Desktop\\Sources\Resources\ukiki_tex.dds' to 'C:\\Users\\pluk1901\\Desktop\\Sources\\x64\\Gold\ukiki_tex.dds'
    installing 'C:\\Users\\pluk1901\\Desktop\\Sources\Resources\untitled.obj' to 'C:\\Users\\pluk1901\\Desktop\\Sources\\x64\\Gold\untitled.obj'
    installing 'C:\\Users\\pluk1901\\Desktop\\Sources\Resources\Wall_Test_Normal.dds' to 'C:\\Users\\pluk1901\\Desktop\\Sources\\x64\\Gold\Wall_Test_Normal.dds'
    installing 'C:\\Users\\pluk1901\\Desktop\\Sources\Resources\Wall_Test_Texture.dds' to 'C:\\Users\\pluk1901\\Desktop\\Sources\\x64\\Gold\Wall_Test_Texture.dds'
    installing 'C:\\Users\\pluk1901\\Desktop\\Sources\Resources\world_heightmap.pgm' to 'C:\\Users\\pluk1901\\Desktop\\Sources\\x64\\Gold\world_heightmap.pgm'
    installing 'C:\\Users\\pluk1901\\Desktop\\Sources\Resources\world_heightmap.png' to 'C:\\Users\\pluk1901\\Desktop\\Sources\\x64\\Gold\world_heightmap.png'
  installing shaders...
    installing 'C:\\Users\\pluk1901\\Desktop\\Sources\Sources\Shader\Billboard.fx' to 'C:\\Users\\pluk1901\\Desktop\\Sources\\x64\\Gold\Billboard.fx'
    installing 'C:\\Users\\pluk1901\\Desktop\\Sources\Sources\Shader\Bloom.fx' to 'C:\\Users\\pluk1901\\Desktop\\Sources\\x64\\Gold\Bloom.fx'
    installing 'C:\\Users\\pluk1901\\Desktop\\Sources\Sources\Shader\Brightness.fx' to 'C:\\Users\\pluk1901\\Desktop\\Sources\\x64\\Gold\Brightness.fx'
    installing 'C:\\Users\\pluk1901\\Desktop\\Sources\Sources\Shader\Gizmo.fx' to 'C:\\Users\\pluk1901\\Desktop\\Sources\\x64\\Gold\Gizmo.fx'
    installing 'C:\\Users\\pluk1901\\Desktop\\Sources\Sources\Shader\HBlur.fx' to 'C:\\Users\\pluk1901\\Desktop\\Sources\\x64\\Gold\HBlur.fx'
    installing 'C:\\Users\\pluk1901\\Desktop\\Sources\Sources\Shader\Hud.fx' to 'C:\\Users\\pluk1901\\Desktop\\Sources\\x64\\Gold\Hud.fx'
    installing 'C:\\Users\\pluk1901\\Desktop\\Sources\Sources\Shader\MiniPhong.fx' to 'C:\\Users\\pluk1901\\Desktop\\Sources\\x64\\Gold\MiniPhong.fx'
    installing 'C:\\Users\\pluk1901\\Desktop\\Sources\Sources\Shader\MiniPhong.phl' to 'C:\\Users\\pluk1901\\Desktop\\Sources\\x64\\Gold\MiniPhong.phl'
    installing 'C:\\Users\\pluk1901\\Desktop\\Sources\Sources\Shader\MiniPhong.vhl' to 'C:\\Users\\pluk1901\\Desktop\\Sources\\x64\\Gold\MiniPhong.vhl'
    installing 'C:\\Users\\pluk1901\\Desktop\\Sources\Sources\Shader\ps1.phl' to 'C:\\Users\\pluk1901\\Desktop\\Sources\\x64\\Gold\ps1.phl'
    installing 'C:\\Users\\pluk1901\\Desktop\\Sources\Sources\Shader\RadialBlur.fx' to 'C:\\Users\\pluk1901\\Desktop\\Sources\\x64\\Gold\RadialBlur.fx'
    installing 'C:\\Users\\pluk1901\\Desktop\\Sources\Sources\Shader\Screen.fx' to 'C:\\Users\\pluk1901\\Desktop\\Sources\\x64\\Gold\Screen.fx'
    installing 'C:\\Users\\pluk1901\\Desktop\\Sources\Sources\Shader\ShaderBis.fx' to 'C:\\Users\\pluk1901\\Desktop\\Sources\\x64\\Gold\ShaderBis.fx'
    installing 'C:\\Users\\pluk1901\\Desktop\\Sources\Sources\Shader\Skybox.fx' to 'C:\\Users\\pluk1901\\Desktop\\Sources\\x64\\Gold\Skybox.fx'
    installing 'C:\\Users\\pluk1901\\Desktop\\Sources\Sources\Shader\Terrain.fx' to 'C:\\Users\\pluk1901\\Desktop\\Sources\\x64\\Gold\Terrain.fx'
    installing 'C:\\Users\\pluk1901\\Desktop\\Sources\Sources\Shader\VBlur.fx' to 'C:\\Users\\pluk1901\\Desktop\\Sources\\x64\\Gold\VBlur.fx'
    installing 'C:\\Users\\pluk1901\\Desktop\\Sources\Sources\Shader\vs1.vhl' to 'C:\\Users\\pluk1901\\Desktop\\Sources\\x64\\Gold\vs1.vhl'
  installing PhysX dlls...
    installing 'C:\\Users\\pluk1901\\Desktop\\Sources\lib\PhysX\PxShared\Bin\PxFoundation_x64.dll' to 'C:\\Users\\pluk1901\\Desktop\\Sources\\x64\\Gold\PxFoundation_x64.dll'
    installing 'C:\\Users\\pluk1901\\Desktop\\Sources\lib\PhysX\PxShared\Bin\PxPvdSDK_x64.dll' to 'C:\\Users\\pluk1901\\Desktop\\Sources\\x64\\Gold\PxPvdSDK_x64.dll'
    installing 'C:\\Users\\pluk1901\\Desktop\\Sources\lib\PhysX\PhysX-3.4\Bin\PhysX3_x64.dll' to 'C:\\Users\\pluk1901\\Desktop\\Sources\\x64\\Gold\PhysX3_x64.dll'
    installing 'C:\\Users\\pluk1901\\Desktop\\Sources\lib\PhysX\PhysX-3.4\Bin\PhysX3Common_x64.dll' to 'C:\\Users\\pluk1901\\Desktop\\Sources\\x64\\Gold\PhysX3Common_x64.dll'
    installing 'C:\\Users\\pluk1901\\Desktop\\Sources\lib\PhysX\PhysX-3.4\Bin\PhysX3Cooking_x64.dll' to 'C:\\Users\\pluk1901\\Desktop\\Sources\\x64\\Gold\PhysX3Cooking_x64.dll'
    installing 'C:\\Users\\pluk1901\\Desktop\\Sources\lib\PhysX\PhysX-3.4\Bin\nvToolsExt64_1.dll' to 'C:\\Users\\pluk1901\\Desktop\\Sources\\x64\\Gold\nvToolsExt64_1.dll'
  installing assimp dlls...
    installing 'C:\\Users\\pluk1901\\Desktop\\Sources\lib\assimp\bin\Release\assimp-vc140-mt.dll' to 'C:\\Users\\pluk1901\\Desktop\\Sources\\x64\\Gold\assimp-vc140-mt.dll'
