  Installe les assets
  installing resources...
    installing 'D:\\Perforce\\girn2102_L06680-04-80934_develop_9811\\LaGrandeCourse\Resources\0.patch' to 'D:\\Perforce\\girn2102_L06680-04-80934_develop_9811\\LaGrandeCourse\\x64\\Release\0.patch'
    installing 'D:\\Perforce\\girn2102_L06680-04-80934_develop_9811\\LaGrandeCourse\Resources\1.patch' to 'D:\\Perforce\\girn2102_L06680-04-80934_develop_9811\\LaGrandeCourse\\x64\\Release\1.patch'
    installing 'D:\\Perforce\\girn2102_L06680-04-80934_develop_9811\\LaGrandeCourse\Resources\2.patch' to 'D:\\Perforce\\girn2102_L06680-04-80934_develop_9811\\LaGrandeCourse\\x64\\Release\2.patch'
    installing 'D:\\Perforce\\girn2102_L06680-04-80934_develop_9811\\LaGrandeCourse\Resources\3.patch' to 'D:\\Perforce\\girn2102_L06680-04-80934_develop_9811\\LaGrandeCourse\\x64\\Release\3.patch'
    installing 'D:\\Perforce\\girn2102_L06680-04-80934_develop_9811\\LaGrandeCourse\Resources\arbre_1.dds' to 'D:\\Perforce\\girn2102_L06680-04-80934_develop_9811\\LaGrandeCourse\\x64\\Release\arbre_1.dds'
    installing 'D:\\Perforce\\girn2102_L06680-04-80934_develop_9811\\LaGrandeCourse\Resources\Asphalt_001_COLOR.dds' to 'D:\\Perforce\\girn2102_L06680-04-80934_develop_9811\\LaGrandeCourse\\x64\\Release\Asphalt_001_COLOR.dds'
    installing 'D:\\Perforce\\girn2102_L06680-04-80934_develop_9811\\LaGrandeCourse\Resources\Asphalt_001_NRM.dds' to 'D:\\Perforce\\girn2102_L06680-04-80934_develop_9811\\LaGrandeCourse\\x64\\Release\Asphalt_001_NRM.dds'
    installing 'D:\\Perforce\\girn2102_L06680-04-80934_develop_9811\\LaGrandeCourse\Resources\barriere_campagne.fbx' to 'D:\\Perforce\\girn2102_L06680-04-80934_develop_9811\\LaGrandeCourse\\x64\\Release\barriere_campagne.fbx'
    installing 'D:\\Perforce\\girn2102_L06680-04-80934_develop_9811\\LaGrandeCourse\Resources\Black_Diffuse.dds' to 'D:\\Perforce\\girn2102_L06680-04-80934_develop_9811\\LaGrandeCourse\\x64\\Release\Black_Diffuse.dds'
    installing 'D:\\Perforce\\girn2102_L06680-04-80934_develop_9811\\LaGrandeCourse\Resources\Bloc_Diffuse.dds' to 'D:\\Perforce\\girn2102_L06680-04-80934_develop_9811\\LaGrandeCourse\\x64\\Release\Bloc_Diffuse.dds'
    installing 'D:\\Perforce\\girn2102_L06680-04-80934_develop_9811\\LaGrandeCourse\Resources\Bloc_Emission.dds' to 'D:\\Perforce\\girn2102_L06680-04-80934_develop_9811\\LaGrandeCourse\\x64\\Release\Bloc_Emission.dds'
    installing 'D:\\Perforce\\girn2102_L06680-04-80934_develop_9811\\LaGrandeCourse\Resources\Brick_Wall_COLOR.dds' to 'D:\\Perforce\\girn2102_L06680-04-80934_develop_9811\\LaGrandeCourse\\x64\\Release\Brick_Wall_COLOR.dds'
    installing 'D:\\Perforce\\girn2102_L06680-04-80934_develop_9811\\LaGrandeCourse\Resources\Brick_Wall_EM.dds' to 'D:\\Perforce\\girn2102_L06680-04-80934_develop_9811\\LaGrandeCourse\\x64\\Release\Brick_Wall_EM.dds'
    installing 'D:\\Perforce\\girn2102_L06680-04-80934_develop_9811\\LaGrandeCourse\Resources\Brick_Wall_NORM.dds' to 'D:\\Perforce\\girn2102_L06680-04-80934_develop_9811\\LaGrandeCourse\\x64\\Release\Brick_Wall_NORM.dds'
    installing 'D:\\Perforce\\girn2102_L06680-04-80934_develop_9811\\LaGrandeCourse\Resources\Building_Part.fbx' to 'D:\\Perforce\\girn2102_L06680-04-80934_develop_9811\\LaGrandeCourse\\x64\\Release\Building_Part.fbx'
    installing 'D:\\Perforce\\girn2102_L06680-04-80934_develop_9811\\LaGrandeCourse\Resources\building_roof.fbx' to 'D:\\Perforce\\girn2102_L06680-04-80934_develop_9811\\LaGrandeCourse\\x64\\Release\building_roof.fbx'
    installing 'D:\\Perforce\\girn2102_L06680-04-80934_develop_9811\\LaGrandeCourse\Resources\chaise.fbx' to 'D:\\Perforce\\girn2102_L06680-04-80934_develop_9811\\LaGrandeCourse\\x64\\Release\chaise.fbx'
    installing 'D:\\Perforce\\girn2102_L06680-04-80934_develop_9811\\LaGrandeCourse\Resources\collar.dds' to 'D:\\Perforce\\girn2102_L06680-04-80934_develop_9811\\LaGrandeCourse\\x64\\Release\collar.dds'
    installing 'D:\\Perforce\\girn2102_L06680-04-80934_develop_9811\\LaGrandeCourse\Resources\cube.fbx' to 'D:\\Perforce\\girn2102_L06680-04-80934_develop_9811\\LaGrandeCourse\\x64\\Release\cube.fbx'
    installing 'D:\\Perforce\\girn2102_L06680-04-80934_develop_9811\\LaGrandeCourse\Resources\cube.mtl' to 'D:\\Perforce\\girn2102_L06680-04-80934_develop_9811\\LaGrandeCourse\\x64\\Release\cube.mtl'
    installing 'D:\\Perforce\\girn2102_L06680-04-80934_develop_9811\\LaGrandeCourse\Resources\cube.obj' to 'D:\\Perforce\\girn2102_L06680-04-80934_develop_9811\\LaGrandeCourse\\x64\\Release\cube.obj'
    installing 'D:\\Perforce\\girn2102_L06680-04-80934_develop_9811\\LaGrandeCourse\Resources\day2_skybox.dds' to 'D:\\Perforce\\girn2102_L06680-04-80934_develop_9811\\LaGrandeCourse\\x64\\Release\day2_skybox.dds'
    installing 'D:\\Perforce\\girn2102_L06680-04-80934_develop_9811\\LaGrandeCourse\Resources\DS-DIGI.TTF' to 'D:\\Perforce\\girn2102_L06680-04-80934_develop_9811\\LaGrandeCourse\\x64\\Release\DS-DIGI.TTF'
    installing 'D:\\Perforce\\girn2102_L06680-04-80934_develop_9811\\LaGrandeCourse\Resources\fleche_avancer.dds' to 'D:\\Perforce\\girn2102_L06680-04-80934_develop_9811\\LaGrandeCourse\\x64\\Release\fleche_avancer.dds'
    installing 'D:\\Perforce\\girn2102_L06680-04-80934_develop_9811\\LaGrandeCourse\Resources\Floor_Brown_EM.dds' to 'D:\\Perforce\\girn2102_L06680-04-80934_develop_9811\\LaGrandeCourse\\x64\\Release\Floor_Brown_EM.dds'
    installing 'D:\\Perforce\\girn2102_L06680-04-80934_develop_9811\\LaGrandeCourse\Resources\Floor_Green_EM.dds' to 'D:\\Perforce\\girn2102_L06680-04-80934_develop_9811\\LaGrandeCourse\\x64\\Release\Floor_Green_EM.dds'
    installing 'D:\\Perforce\\girn2102_L06680-04-80934_develop_9811\\LaGrandeCourse\Resources\Floor_Purple_EM.dds' to 'D:\\Perforce\\girn2102_L06680-04-80934_develop_9811\\LaGrandeCourse\\x64\\Release\Floor_Purple_EM.dds'
    installing 'D:\\Perforce\\girn2102_L06680-04-80934_develop_9811\\LaGrandeCourse\Resources\Floor_White_Trail_EM.dds' to 'D:\\Perforce\\girn2102_L06680-04-80934_develop_9811\\LaGrandeCourse\\x64\\Release\Floor_White_Trail_EM.dds'
    installing 'D:\\Perforce\\girn2102_L06680-04-80934_develop_9811\\LaGrandeCourse\Resources\Floor_Yellow_EM.dds' to 'D:\\Perforce\\girn2102_L06680-04-80934_develop_9811\\LaGrandeCourse\\x64\\Release\Floor_Yellow_EM.dds'
    installing 'D:\\Perforce\\girn2102_L06680-04-80934_develop_9811\\LaGrandeCourse\Resources\fon_men_princ.dds' to 'D:\\Perforce\\girn2102_L06680-04-80934_develop_9811\\LaGrandeCourse\\x64\\Release\fon_men_princ.dds'
    installing 'D:\\Perforce\\girn2102_L06680-04-80934_develop_9811\\LaGrandeCourse\Resources\Grass_001_COLOR.dds' to 'D:\\Perforce\\girn2102_L06680-04-80934_develop_9811\\LaGrandeCourse\\x64\\Release\Grass_001_COLOR.dds'
    installing 'D:\\Perforce\\girn2102_L06680-04-80934_develop_9811\\LaGrandeCourse\Resources\Grass_001_NRM.dds' to 'D:\\Perforce\\girn2102_L06680-04-80934_develop_9811\\LaGrandeCourse\\x64\\Release\Grass_001_NRM.dds'
    installing 'D:\\Perforce\\girn2102_L06680-04-80934_develop_9811\\LaGrandeCourse\Resources\GroundForestRoots001_COL_3K.dds' to 'D:\\Perforce\\girn2102_L06680-04-80934_develop_9811\\LaGrandeCourse\\x64\\Release\GroundForestRoots001_COL_3K.dds'
    installing 'D:\\Perforce\\girn2102_L06680-04-80934_develop_9811\\LaGrandeCourse\Resources\GroundForestRoots001_NRM_3K.dds' to 'D:\\Perforce\\girn2102_L06680-04-80934_develop_9811\\LaGrandeCourse\\x64\\Release\GroundForestRoots001_NRM_3K.dds'
    installing 'D:\\Perforce\\girn2102_L06680-04-80934_develop_9811\\LaGrandeCourse\Resources\GroundMoss001_COL_3K.dds' to 'D:\\Perforce\\girn2102_L06680-04-80934_develop_9811\\LaGrandeCourse\\x64\\Release\GroundMoss001_COL_3K.dds'
    installing 'D:\\Perforce\\girn2102_L06680-04-80934_develop_9811\\LaGrandeCourse\Resources\GroundMoss001_NRM_3K.dds' to 'D:\\Perforce\\girn2102_L06680-04-80934_develop_9811\\LaGrandeCourse\\x64\\Release\GroundMoss001_NRM_3K.dds'
    installing 'D:\\Perforce\\girn2102_L06680-04-80934_develop_9811\\LaGrandeCourse\Resources\GroundTireTracks001_COL_3K.dds' to 'D:\\Perforce\\girn2102_L06680-04-80934_develop_9811\\LaGrandeCourse\\x64\\Release\GroundTireTracks001_COL_3K.dds'
    installing 'D:\\Perforce\\girn2102_L06680-04-80934_develop_9811\\LaGrandeCourse\Resources\GroundTireTracks001_NRM_3K.dds' to 'D:\\Perforce\\girn2102_L06680-04-80934_develop_9811\\LaGrandeCourse\\x64\\Release\GroundTireTracks001_NRM_3K.dds'
    installing 'D:\\Perforce\\girn2102_L06680-04-80934_develop_9811\\LaGrandeCourse\Resources\high_res_tron_skybox.dds' to 'D:\\Perforce\\girn2102_L06680-04-80934_develop_9811\\LaGrandeCourse\\x64\\Release\high_res_tron_skybox.dds'
    installing 'D:\\Perforce\\girn2102_L06680-04-80934_develop_9811\\LaGrandeCourse\Resources\lampadaire.mtl' to 'D:\\Perforce\\girn2102_L06680-04-80934_develop_9811\\LaGrandeCourse\\x64\\Release\lampadaire.mtl'
    installing 'D:\\Perforce\\girn2102_L06680-04-80934_develop_9811\\LaGrandeCourse\Resources\lampadaire.obj' to 'D:\\Perforce\\girn2102_L06680-04-80934_develop_9811\\LaGrandeCourse\\x64\\Release\lampadaire.obj'
    installing 'D:\\Perforce\\girn2102_L06680-04-80934_develop_9811\\LaGrandeCourse\Resources\layout1.dds' to 'D:\\Perforce\\girn2102_L06680-04-80934_develop_9811\\LaGrandeCourse\\x64\\Release\layout1.dds'
    installing 'D:\\Perforce\\girn2102_L06680-04-80934_develop_9811\\LaGrandeCourse\Resources\layout2.dds' to 'D:\\Perforce\\girn2102_L06680-04-80934_develop_9811\\LaGrandeCourse\\x64\\Release\layout2.dds'
    installing 'D:\\Perforce\\girn2102_L06680-04-80934_develop_9811\\LaGrandeCourse\Resources\layout3.dds' to 'D:\\Perforce\\girn2102_L06680-04-80934_develop_9811\\LaGrandeCourse\\x64\\Release\layout3.dds'
    installing 'D:\\Perforce\\girn2102_L06680-04-80934_develop_9811\\LaGrandeCourse\Resources\layout4.dds' to 'D:\\Perforce\\girn2102_L06680-04-80934_develop_9811\\LaGrandeCourse\\x64\\Release\layout4.dds'
    installing 'D:\\Perforce\\girn2102_L06680-04-80934_develop_9811\\LaGrandeCourse\Resources\LayoutMap.dds' to 'D:\\Perforce\\girn2102_L06680-04-80934_develop_9811\\LaGrandeCourse\\x64\\Release\LayoutMap.dds'
    installing 'D:\\Perforce\\girn2102_L06680-04-80934_develop_9811\\LaGrandeCourse\Resources\ligne_blanche.dds' to 'D:\\Perforce\\girn2102_L06680-04-80934_develop_9811\\LaGrandeCourse\\x64\\Release\ligne_blanche.dds'
    installing 'D:\\Perforce\\girn2102_L06680-04-80934_develop_9811\\LaGrandeCourse\Resources\magnifique_fond_menu.dds' to 'D:\\Perforce\\girn2102_L06680-04-80934_develop_9811\\LaGrandeCourse\\x64\\Release\magnifique_fond_menu.dds'
    installing 'D:\\Perforce\\girn2102_L06680-04-80934_develop_9811\\LaGrandeCourse\Resources\Map_limits.dds' to 'D:\\Perforce\\girn2102_L06680-04-80934_develop_9811\\LaGrandeCourse\\x64\\Release\Map_limits.dds'
    installing 'D:\\Perforce\\girn2102_L06680-04-80934_develop_9811\\LaGrandeCourse\Resources\Map_limits.mtl' to 'D:\\Perforce\\girn2102_L06680-04-80934_develop_9811\\LaGrandeCourse\\x64\\Release\Map_limits.mtl'
    installing 'D:\\Perforce\\girn2102_L06680-04-80934_develop_9811\\LaGrandeCourse\Resources\Map_limits.obj' to 'D:\\Perforce\\girn2102_L06680-04-80934_develop_9811\\LaGrandeCourse\\x64\\Release\Map_limits.obj'
    installing 'D:\\Perforce\\girn2102_L06680-04-80934_develop_9811\\LaGrandeCourse\Resources\menu_jeux.dds' to 'D:\\Perforce\\girn2102_L06680-04-80934_develop_9811\\LaGrandeCourse\\x64\\Release\menu_jeux.dds'
    installing 'D:\\Perforce\\girn2102_L06680-04-80934_develop_9811\\LaGrandeCourse\Resources\murs' to 'D:\\Perforce\\girn2102_L06680-04-80934_develop_9811\\LaGrandeCourse\\x64\\Release\murs'
    installing 'D:\\Perforce\\girn2102_L06680-04-80934_develop_9811\\LaGrandeCourse\Resources\NPC.dds' to 'D:\\Perforce\\girn2102_L06680-04-80934_develop_9811\\LaGrandeCourse\\x64\\Release\NPC.dds'
    installing 'D:\\Perforce\\girn2102_L06680-04-80934_develop_9811\\LaGrandeCourse\Resources\out.patch' to 'D:\\Perforce\\girn2102_L06680-04-80934_develop_9811\\LaGrandeCourse\\x64\\Release\out.patch'
    installing 'D:\\Perforce\\girn2102_L06680-04-80934_develop_9811\\LaGrandeCourse\Resources\out_old.patch' to 'D:\\Perforce\\girn2102_L06680-04-80934_develop_9811\\LaGrandeCourse\\x64\\Release\out_old.patch'
    installing 'D:\\Perforce\\girn2102_L06680-04-80934_develop_9811\\LaGrandeCourse\Resources\PetitMoteur3D.aps' to 'D:\\Perforce\\girn2102_L06680-04-80934_develop_9811\\LaGrandeCourse\\x64\\Release\PetitMoteur3D.aps'
    installing 'D:\\Perforce\\girn2102_L06680-04-80934_develop_9811\\LaGrandeCourse\Resources\PetitMoteur3D.ico' to 'D:\\Perforce\\girn2102_L06680-04-80934_develop_9811\\LaGrandeCourse\\x64\\Release\PetitMoteur3D.ico'
    installing 'D:\\Perforce\\girn2102_L06680-04-80934_develop_9811\\LaGrandeCourse\Resources\PetitMoteur3D.rc' to 'D:\\Perforce\\girn2102_L06680-04-80934_develop_9811\\LaGrandeCourse\\x64\\Release\PetitMoteur3D.rc'
    installing 'D:\\Perforce\\girn2102_L06680-04-80934_develop_9811\\LaGrandeCourse\Resources\player.mtl' to 'D:\\Perforce\\girn2102_L06680-04-80934_develop_9811\\LaGrandeCourse\\x64\\Release\player.mtl'
    installing 'D:\\Perforce\\girn2102_L06680-04-80934_develop_9811\\LaGrandeCourse\Resources\player.obj' to 'D:\\Perforce\\girn2102_L06680-04-80934_develop_9811\\LaGrandeCourse\\x64\\Release\player.obj'
    installing 'D:\\Perforce\\girn2102_L06680-04-80934_develop_9811\\LaGrandeCourse\Resources\resource.h' to 'D:\\Perforce\\girn2102_L06680-04-80934_develop_9811\\LaGrandeCourse\\x64\\Release\resource.h'
    installing 'D:\\Perforce\\girn2102_L06680-04-80934_develop_9811\\LaGrandeCourse\Resources\reticule_de_la_mort.dds' to 'D:\\Perforce\\girn2102_L06680-04-80934_develop_9811\\LaGrandeCourse\\x64\\Release\reticule_de_la_mort.dds'
    installing 'D:\\Perforce\\girn2102_L06680-04-80934_develop_9811\\LaGrandeCourse\Resources\reticule_de_la_mort.png' to 'D:\\Perforce\\girn2102_L06680-04-80934_develop_9811\\LaGrandeCourse\\x64\\Release\reticule_de_la_mort.png'
    installing 'D:\\Perforce\\girn2102_L06680-04-80934_develop_9811\\LaGrandeCourse\Resources\reticule_de_la_mort.xcf' to 'D:\\Perforce\\girn2102_L06680-04-80934_develop_9811\\LaGrandeCourse\\x64\\Release\reticule_de_la_mort.xcf'
    installing 'D:\\Perforce\\girn2102_L06680-04-80934_develop_9811\\LaGrandeCourse\Resources\Salsa_64.mtl' to 'D:\\Perforce\\girn2102_L06680-04-80934_develop_9811\\LaGrandeCourse\\x64\\Release\Salsa_64.mtl'
    installing 'D:\\Perforce\\girn2102_L06680-04-80934_develop_9811\\LaGrandeCourse\Resources\Salsa_64.obj' to 'D:\\Perforce\\girn2102_L06680-04-80934_develop_9811\\LaGrandeCourse\\x64\\Release\Salsa_64.obj'
    installing 'D:\\Perforce\\girn2102_L06680-04-80934_develop_9811\\LaGrandeCourse\Resources\Salsa_64_2.mtl' to 'D:\\Perforce\\girn2102_L06680-04-80934_develop_9811\\LaGrandeCourse\\x64\\Release\Salsa_64_2.mtl'
    installing 'D:\\Perforce\\girn2102_L06680-04-80934_develop_9811\\LaGrandeCourse\Resources\Salsa_64_2.obj' to 'D:\\Perforce\\girn2102_L06680-04-80934_develop_9811\\LaGrandeCourse\\x64\\Release\Salsa_64_2.obj'
    installing 'D:\\Perforce\\girn2102_L06680-04-80934_develop_9811\\LaGrandeCourse\Resources\shittyromanhouse.obj' to 'D:\\Perforce\\girn2102_L06680-04-80934_develop_9811\\LaGrandeCourse\\x64\\Release\shittyromanhouse.obj'
    installing 'D:\\Perforce\\girn2102_L06680-04-80934_develop_9811\\LaGrandeCourse\Resources\SimpleNormal.dds' to 'D:\\Perforce\\girn2102_L06680-04-80934_develop_9811\\LaGrandeCourse\\x64\\Release\SimpleNormal.dds'
    installing 'D:\\Perforce\\girn2102_L06680-04-80934_develop_9811\\LaGrandeCourse\Resources\SimpleTexture.dds' to 'D:\\Perforce\\girn2102_L06680-04-80934_develop_9811\\LaGrandeCourse\\x64\\Release\SimpleTexture.dds'
    installing 'D:\\Perforce\\girn2102_L06680-04-80934_develop_9811\\LaGrandeCourse\Resources\skybox.fbx' to 'D:\\Perforce\\girn2102_L06680-04-80934_develop_9811\\LaGrandeCourse\\x64\\Release\skybox.fbx'
    installing 'D:\\Perforce\\girn2102_L06680-04-80934_develop_9811\\LaGrandeCourse\Resources\small.ico' to 'D:\\Perforce\\girn2102_L06680-04-80934_develop_9811\\LaGrandeCourse\\x64\\Release\small.ico'
    installing 'D:\\Perforce\\girn2102_L06680-04-80934_develop_9811\\LaGrandeCourse\Resources\smooth_sphere.obj' to 'D:\\Perforce\\girn2102_L06680-04-80934_develop_9811\\LaGrandeCourse\\x64\\Release\smooth_sphere.obj'
    installing 'D:\\Perforce\\girn2102_L06680-04-80934_develop_9811\\LaGrandeCourse\Resources\SphereLight.mtl' to 'D:\\Perforce\\girn2102_L06680-04-80934_develop_9811\\LaGrandeCourse\\x64\\Release\SphereLight.mtl'
    installing 'D:\\Perforce\\girn2102_L06680-04-80934_develop_9811\\LaGrandeCourse\Resources\SphereLight.obj' to 'D:\\Perforce\\girn2102_L06680-04-80934_develop_9811\\LaGrandeCourse\\x64\\Release\SphereLight.obj'
    installing 'D:\\Perforce\\girn2102_L06680-04-80934_develop_9811\\LaGrandeCourse\Resources\table.fbx' to 'D:\\Perforce\\girn2102_L06680-04-80934_develop_9811\\LaGrandeCourse\\x64\\Release\table.fbx'
    installing 'D:\\Perforce\\girn2102_L06680-04-80934_develop_9811\\LaGrandeCourse\Resources\tex_chaise.dds' to 'D:\\Perforce\\girn2102_L06680-04-80934_develop_9811\\LaGrandeCourse\\x64\\Release\tex_chaise.dds'
    installing 'D:\\Perforce\\girn2102_L06680-04-80934_develop_9811\\LaGrandeCourse\Resources\tex_table.dds' to 'D:\\Perforce\\girn2102_L06680-04-80934_develop_9811\\LaGrandeCourse\\x64\\Release\tex_table.dds'
    installing 'D:\\Perforce\\girn2102_L06680-04-80934_develop_9811\\LaGrandeCourse\Resources\tron_men.dds' to 'D:\\Perforce\\girn2102_L06680-04-80934_develop_9811\\LaGrandeCourse\\x64\\Release\tron_men.dds'
    installing 'D:\\Perforce\\girn2102_L06680-04-80934_develop_9811\\LaGrandeCourse\Resources\tron_skybox.dds' to 'D:\\Perforce\\girn2102_L06680-04-80934_develop_9811\\LaGrandeCourse\\x64\\Release\tron_skybox.dds'
    installing 'D:\\Perforce\\girn2102_L06680-04-80934_develop_9811\\LaGrandeCourse\Resources\ukiki_tex.dds' to 'D:\\Perforce\\girn2102_L06680-04-80934_develop_9811\\LaGrandeCourse\\x64\\Release\ukiki_tex.dds'
    installing 'D:\\Perforce\\girn2102_L06680-04-80934_develop_9811\\LaGrandeCourse\Resources\untitled.obj' to 'D:\\Perforce\\girn2102_L06680-04-80934_develop_9811\\LaGrandeCourse\\x64\\Release\untitled.obj'
    installing 'D:\\Perforce\\girn2102_L06680-04-80934_develop_9811\\LaGrandeCourse\Resources\Wall_Test_Normal.dds' to 'D:\\Perforce\\girn2102_L06680-04-80934_develop_9811\\LaGrandeCourse\\x64\\Release\Wall_Test_Normal.dds'
    installing 'D:\\Perforce\\girn2102_L06680-04-80934_develop_9811\\LaGrandeCourse\Resources\Wall_Test_Texture.dds' to 'D:\\Perforce\\girn2102_L06680-04-80934_develop_9811\\LaGrandeCourse\\x64\\Release\Wall_Test_Texture.dds'
    installing 'D:\\Perforce\\girn2102_L06680-04-80934_develop_9811\\LaGrandeCourse\Resources\world_heightmap.pgm' to 'D:\\Perforce\\girn2102_L06680-04-80934_develop_9811\\LaGrandeCourse\\x64\\Release\world_heightmap.pgm'
    installing 'D:\\Perforce\\girn2102_L06680-04-80934_develop_9811\\LaGrandeCourse\Resources\world_heightmap.png' to 'D:\\Perforce\\girn2102_L06680-04-80934_develop_9811\\LaGrandeCourse\\x64\\Release\world_heightmap.png'
  installing shaders...
    installing 'D:\\Perforce\\girn2102_L06680-04-80934_develop_9811\\LaGrandeCourse\Sources\Shader\Billboard.fx' to 'D:\\Perforce\\girn2102_L06680-04-80934_develop_9811\\LaGrandeCourse\\x64\\Release\Billboard.fx'
    installing 'D:\\Perforce\\girn2102_L06680-04-80934_develop_9811\\LaGrandeCourse\Sources\Shader\Bloom.fx' to 'D:\\Perforce\\girn2102_L06680-04-80934_develop_9811\\LaGrandeCourse\\x64\\Release\Bloom.fx'
    installing 'D:\\Perforce\\girn2102_L06680-04-80934_develop_9811\\LaGrandeCourse\Sources\Shader\Brightness.fx' to 'D:\\Perforce\\girn2102_L06680-04-80934_develop_9811\\LaGrandeCourse\\x64\\Release\Brightness.fx'
    installing 'D:\\Perforce\\girn2102_L06680-04-80934_develop_9811\\LaGrandeCourse\Sources\Shader\Gizmo.fx' to 'D:\\Perforce\\girn2102_L06680-04-80934_develop_9811\\LaGrandeCourse\\x64\\Release\Gizmo.fx'
    installing 'D:\\Perforce\\girn2102_L06680-04-80934_develop_9811\\LaGrandeCourse\Sources\Shader\HBlur.fx' to 'D:\\Perforce\\girn2102_L06680-04-80934_develop_9811\\LaGrandeCourse\\x64\\Release\HBlur.fx'
    installing 'D:\\Perforce\\girn2102_L06680-04-80934_develop_9811\\LaGrandeCourse\Sources\Shader\Hud.fx' to 'D:\\Perforce\\girn2102_L06680-04-80934_develop_9811\\LaGrandeCourse\\x64\\Release\Hud.fx'
    installing 'D:\\Perforce\\girn2102_L06680-04-80934_develop_9811\\LaGrandeCourse\Sources\Shader\MiniPhong.fx' to 'D:\\Perforce\\girn2102_L06680-04-80934_develop_9811\\LaGrandeCourse\\x64\\Release\MiniPhong.fx'
    installing 'D:\\Perforce\\girn2102_L06680-04-80934_develop_9811\\LaGrandeCourse\Sources\Shader\MiniPhong.phl' to 'D:\\Perforce\\girn2102_L06680-04-80934_develop_9811\\LaGrandeCourse\\x64\\Release\MiniPhong.phl'
    installing 'D:\\Perforce\\girn2102_L06680-04-80934_develop_9811\\LaGrandeCourse\Sources\Shader\MiniPhong.vhl' to 'D:\\Perforce\\girn2102_L06680-04-80934_develop_9811\\LaGrandeCourse\\x64\\Release\MiniPhong.vhl'
    installing 'D:\\Perforce\\girn2102_L06680-04-80934_develop_9811\\LaGrandeCourse\Sources\Shader\ps1.phl' to 'D:\\Perforce\\girn2102_L06680-04-80934_develop_9811\\LaGrandeCourse\\x64\\Release\ps1.phl'
    installing 'D:\\Perforce\\girn2102_L06680-04-80934_develop_9811\\LaGrandeCourse\Sources\Shader\RadialBlur.fx' to 'D:\\Perforce\\girn2102_L06680-04-80934_develop_9811\\LaGrandeCourse\\x64\\Release\RadialBlur.fx'
    installing 'D:\\Perforce\\girn2102_L06680-04-80934_develop_9811\\LaGrandeCourse\Sources\Shader\Screen.fx' to 'D:\\Perforce\\girn2102_L06680-04-80934_develop_9811\\LaGrandeCourse\\x64\\Release\Screen.fx'
    installing 'D:\\Perforce\\girn2102_L06680-04-80934_develop_9811\\LaGrandeCourse\Sources\Shader\ShaderBis.fx' to 'D:\\Perforce\\girn2102_L06680-04-80934_develop_9811\\LaGrandeCourse\\x64\\Release\ShaderBis.fx'
    installing 'D:\\Perforce\\girn2102_L06680-04-80934_develop_9811\\LaGrandeCourse\Sources\Shader\Skybox.fx' to 'D:\\Perforce\\girn2102_L06680-04-80934_develop_9811\\LaGrandeCourse\\x64\\Release\Skybox.fx'
    installing 'D:\\Perforce\\girn2102_L06680-04-80934_develop_9811\\LaGrandeCourse\Sources\Shader\Terrain.fx' to 'D:\\Perforce\\girn2102_L06680-04-80934_develop_9811\\LaGrandeCourse\\x64\\Release\Terrain.fx'
    installing 'D:\\Perforce\\girn2102_L06680-04-80934_develop_9811\\LaGrandeCourse\Sources\Shader\VBlur.fx' to 'D:\\Perforce\\girn2102_L06680-04-80934_develop_9811\\LaGrandeCourse\\x64\\Release\VBlur.fx'
    installing 'D:\\Perforce\\girn2102_L06680-04-80934_develop_9811\\LaGrandeCourse\Sources\Shader\vs1.vhl' to 'D:\\Perforce\\girn2102_L06680-04-80934_develop_9811\\LaGrandeCourse\\x64\\Release\vs1.vhl'
  installing PhysX dlls...
    installing 'D:\\Perforce\\girn2102_L06680-04-80934_develop_9811\\LaGrandeCourse\lib\PhysX\PxShared\Bin\PxFoundation_x64.dll' to 'D:\\Perforce\\girn2102_L06680-04-80934_develop_9811\\LaGrandeCourse\\x64\\Release\PxFoundation_x64.dll'
    installing 'D:\\Perforce\\girn2102_L06680-04-80934_develop_9811\\LaGrandeCourse\lib\PhysX\PxShared\Bin\PxPvdSDK_x64.dll' to 'D:\\Perforce\\girn2102_L06680-04-80934_develop_9811\\LaGrandeCourse\\x64\\Release\PxPvdSDK_x64.dll'
    installing 'D:\\Perforce\\girn2102_L06680-04-80934_develop_9811\\LaGrandeCourse\lib\PhysX\PhysX-3.4\Bin\PhysX3_x64.dll' to 'D:\\Perforce\\girn2102_L06680-04-80934_develop_9811\\LaGrandeCourse\\x64\\Release\PhysX3_x64.dll'
    installing 'D:\\Perforce\\girn2102_L06680-04-80934_develop_9811\\LaGrandeCourse\lib\PhysX\PhysX-3.4\Bin\PhysX3Common_x64.dll' to 'D:\\Perforce\\girn2102_L06680-04-80934_develop_9811\\LaGrandeCourse\\x64\\Release\PhysX3Common_x64.dll'
    installing 'D:\\Perforce\\girn2102_L06680-04-80934_develop_9811\\LaGrandeCourse\lib\PhysX\PhysX-3.4\Bin\PhysX3Cooking_x64.dll' to 'D:\\Perforce\\girn2102_L06680-04-80934_develop_9811\\LaGrandeCourse\\x64\\Release\PhysX3Cooking_x64.dll'
    installing 'D:\\Perforce\\girn2102_L06680-04-80934_develop_9811\\LaGrandeCourse\lib\PhysX\PhysX-3.4\Bin\nvToolsExt64_1.dll' to 'D:\\Perforce\\girn2102_L06680-04-80934_develop_9811\\LaGrandeCourse\\x64\\Release\nvToolsExt64_1.dll'
  installing assimp dlls...
    installing 'D:\\Perforce\\girn2102_L06680-04-80934_develop_9811\\LaGrandeCourse\lib\assimp\bin\Release\assimp-vc140-mt.dll' to 'D:\\Perforce\\girn2102_L06680-04-80934_develop_9811\\LaGrandeCourse\\x64\\Release\assimp-vc140-mt.dll'
