  Installe les assets
  installing resources...
    installing 'D:\\Perforce\\girn2102_L06680-04-80934_develop_9811\\LaGrandeCourse\Resources\0.patch' to 'D:\\Perforce\\girn2102_L06680-04-80934_develop_9811\\LaGrandeCourse\\x64\\Debug\0.patch'
    installing 'D:\\Perforce\\girn2102_L06680-04-80934_develop_9811\\LaGrandeCourse\Resources\1.patch' to 'D:\\Perforce\\girn2102_L06680-04-80934_develop_9811\\LaGrandeCourse\\x64\\Debug\1.patch'
    installing 'D:\\Perforce\\girn2102_L06680-04-80934_develop_9811\\LaGrandeCourse\Resources\2.patch' to 'D:\\Perforce\\girn2102_L06680-04-80934_develop_9811\\LaGrandeCourse\\x64\\Debug\2.patch'
    installing 'D:\\Perforce\\girn2102_L06680-04-80934_develop_9811\\LaGrandeCourse\Resources\3.patch' to 'D:\\Perforce\\girn2102_L06680-04-80934_develop_9811\\LaGrandeCourse\\x64\\Debug\3.patch'
    installing 'D:\\Perforce\\girn2102_L06680-04-80934_develop_9811\\LaGrandeCourse\Resources\arbre_1.dds' to 'D:\\Perforce\\girn2102_L06680-04-80934_develop_9811\\LaGrandeCourse\\x64\\Debug\arbre_1.dds'
    installing 'D:\\Perforce\\girn2102_L06680-04-80934_develop_9811\\LaGrandeCourse\Resources\Asphalt_001_COLOR.dds' to 'D:\\Perforce\\girn2102_L06680-04-80934_develop_9811\\LaGrandeCourse\\x64\\Debug\Asphalt_001_COLOR.dds'
    installing 'D:\\Perforce\\girn2102_L06680-04-80934_develop_9811\\LaGrandeCourse\Resources\Asphalt_001_NRM.dds' to 'D:\\Perforce\\girn2102_L06680-04-80934_develop_9811\\LaGrandeCourse\\x64\\Debug\Asphalt_001_NRM.dds'
    installing 'D:\\Perforce\\girn2102_L06680-04-80934_develop_9811\\LaGrandeCourse\Resources\Bloc_Diffuse.dds' to 'D:\\Perforce\\girn2102_L06680-04-80934_develop_9811\\LaGrandeCourse\\x64\\Debug\Bloc_Diffuse.dds'
    installing 'D:\\Perforce\\girn2102_L06680-04-80934_develop_9811\\LaGrandeCourse\Resources\Bloc_Emission.dds' to 'D:\\Perforce\\girn2102_L06680-04-80934_develop_9811\\LaGrandeCourse\\x64\\Debug\Bloc_Emission.dds'
    installing 'D:\\Perforce\\girn2102_L06680-04-80934_develop_9811\\LaGrandeCourse\Resources\Brick_Wall_COLOR.dds' to 'D:\\Perforce\\girn2102_L06680-04-80934_develop_9811\\LaGrandeCourse\\x64\\Debug\Brick_Wall_COLOR.dds'
    installing 'D:\\Perforce\\girn2102_L06680-04-80934_develop_9811\\LaGrandeCourse\Resources\Brick_Wall_EM.dds' to 'D:\\Perforce\\girn2102_L06680-04-80934_develop_9811\\LaGrandeCourse\\x64\\Debug\Brick_Wall_EM.dds'
    installing 'D:\\Perforce\\girn2102_L06680-04-80934_develop_9811\\LaGrandeCourse\Resources\Brick_Wall_NORM.dds' to 'D:\\Perforce\\girn2102_L06680-04-80934_develop_9811\\LaGrandeCourse\\x64\\Debug\Brick_Wall_NORM.dds'
    installing 'D:\\Perforce\\girn2102_L06680-04-80934_develop_9811\\LaGrandeCourse\Resources\Building_Part.fbx' to 'D:\\Perforce\\girn2102_L06680-04-80934_develop_9811\\LaGrandeCourse\\x64\\Debug\Building_Part.fbx'
    installing 'D:\\Perforce\\girn2102_L06680-04-80934_develop_9811\\LaGrandeCourse\Resources\collar.dds' to 'D:\\Perforce\\girn2102_L06680-04-80934_develop_9811\\LaGrandeCourse\\x64\\Debug\collar.dds'
    installing 'D:\\Perforce\\girn2102_L06680-04-80934_develop_9811\\LaGrandeCourse\Resources\cube.fbx' to 'D:\\Perforce\\girn2102_L06680-04-80934_develop_9811\\LaGrandeCourse\\x64\\Debug\cube.fbx'
    installing 'D:\\Perforce\\girn2102_L06680-04-80934_develop_9811\\LaGrandeCourse\Resources\cube.mtl' to 'D:\\Perforce\\girn2102_L06680-04-80934_develop_9811\\LaGrandeCourse\\x64\\Debug\cube.mtl'
    installing 'D:\\Perforce\\girn2102_L06680-04-80934_develop_9811\\LaGrandeCourse\Resources\cube.obj' to 'D:\\Perforce\\girn2102_L06680-04-80934_develop_9811\\LaGrandeCourse\\x64\\Debug\cube.obj'
    installing 'D:\\Perforce\\girn2102_L06680-04-80934_develop_9811\\LaGrandeCourse\Resources\day2_skybox.dds' to 'D:\\Perforce\\girn2102_L06680-04-80934_develop_9811\\LaGrandeCourse\\x64\\Debug\day2_skybox.dds'
    installing 'D:\\Perforce\\girn2102_L06680-04-80934_develop_9811\\LaGrandeCourse\Resources\DS-DIGI.TTF' to 'D:\\Perforce\\girn2102_L06680-04-80934_develop_9811\\LaGrandeCourse\\x64\\Debug\DS-DIGI.TTF'
    installing 'D:\\Perforce\\girn2102_L06680-04-80934_develop_9811\\LaGrandeCourse\Resources\Floor_Brown_EM.dds' to 'D:\\Perforce\\girn2102_L06680-04-80934_develop_9811\\LaGrandeCourse\\x64\\Debug\Floor_Brown_EM.dds'
    installing 'D:\\Perforce\\girn2102_L06680-04-80934_develop_9811\\LaGrandeCourse\Resources\Floor_Green_EM.dds' to 'D:\\Perforce\\girn2102_L06680-04-80934_develop_9811\\LaGrandeCourse\\x64\\Debug\Floor_Green_EM.dds'
    installing 'D:\\Perforce\\girn2102_L06680-04-80934_develop_9811\\LaGrandeCourse\Resources\Floor_Purple_EM.dds' to 'D:\\Perforce\\girn2102_L06680-04-80934_develop_9811\\LaGrandeCourse\\x64\\Debug\Floor_Purple_EM.dds'
    installing 'D:\\Perforce\\girn2102_L06680-04-80934_develop_9811\\LaGrandeCourse\Resources\Floor_White_Trail_EM.dds' to 'D:\\Perforce\\girn2102_L06680-04-80934_develop_9811\\LaGrandeCourse\\x64\\Debug\Floor_White_Trail_EM.dds'
    installing 'D:\\Perforce\\girn2102_L06680-04-80934_develop_9811\\LaGrandeCourse\Resources\Floor_Yellow_EM.dds' to 'D:\\Perforce\\girn2102_L06680-04-80934_develop_9811\\LaGrandeCourse\\x64\\Debug\Floor_Yellow_EM.dds'
    installing 'D:\\Perforce\\girn2102_L06680-04-80934_develop_9811\\LaGrandeCourse\Resources\fon_men_princ.dds' to 'D:\\Perforce\\girn2102_L06680-04-80934_develop_9811\\LaGrandeCourse\\x64\\Debug\fon_men_princ.dds'
    installing 'D:\\Perforce\\girn2102_L06680-04-80934_develop_9811\\LaGrandeCourse\Resources\Grass_001_COLOR.dds' to 'D:\\Perforce\\girn2102_L06680-04-80934_develop_9811\\LaGrandeCourse\\x64\\Debug\Grass_001_COLOR.dds'
    installing 'D:\\Perforce\\girn2102_L06680-04-80934_develop_9811\\LaGrandeCourse\Resources\Grass_001_NRM.dds' to 'D:\\Perforce\\girn2102_L06680-04-80934_develop_9811\\LaGrandeCourse\\x64\\Debug\Grass_001_NRM.dds'
    installing 'D:\\Perforce\\girn2102_L06680-04-80934_develop_9811\\LaGrandeCourse\Resources\GroundForestRoots001_COL_3K.dds' to 'D:\\Perforce\\girn2102_L06680-04-80934_develop_9811\\LaGrandeCourse\\x64\\Debug\GroundForestRoots001_COL_3K.dds'
    installing 'D:\\Perforce\\girn2102_L06680-04-80934_develop_9811\\LaGrandeCourse\Resources\GroundForestRoots001_NRM_3K.dds' to 'D:\\Perforce\\girn2102_L06680-04-80934_develop_9811\\LaGrandeCourse\\x64\\Debug\GroundForestRoots001_NRM_3K.dds'
    installing 'D:\\Perforce\\girn2102_L06680-04-80934_develop_9811\\LaGrandeCourse\Resources\GroundMoss001_COL_3K.dds' to 'D:\\Perforce\\girn2102_L06680-04-80934_develop_9811\\LaGrandeCourse\\x64\\Debug\GroundMoss001_COL_3K.dds'
    installing 'D:\\Perforce\\girn2102_L06680-04-80934_develop_9811\\LaGrandeCourse\Resources\GroundMoss001_NRM_3K.dds' to 'D:\\Perforce\\girn2102_L06680-04-80934_develop_9811\\LaGrandeCourse\\x64\\Debug\GroundMoss001_NRM_3K.dds'
    installing 'D:\\Perforce\\girn2102_L06680-04-80934_develop_9811\\LaGrandeCourse\Resources\GroundTireTracks001_COL_3K.dds' to 'D:\\Perforce\\girn2102_L06680-04-80934_develop_9811\\LaGrandeCourse\\x64\\Debug\GroundTireTracks001_COL_3K.dds'
    installing 'D:\\Perforce\\girn2102_L06680-04-80934_develop_9811\\LaGrandeCourse\Resources\GroundTireTracks001_NRM_3K.dds' to 'D:\\Perforce\\girn2102_L06680-04-80934_develop_9811\\LaGrandeCourse\\x64\\Debug\GroundTireTracks001_NRM_3K.dds'
    installing 'D:\\Perforce\\girn2102_L06680-04-80934_develop_9811\\LaGrandeCourse\Resources\high_res_tron_skybox.dds' to 'D:\\Perforce\\girn2102_L06680-04-80934_develop_9811\\LaGrandeCourse\\x64\\Debug\high_res_tron_skybox.dds'
    installing 'D:\\Perforce\\girn2102_L06680-04-80934_develop_9811\\LaGrandeCourse\Resources\LayoutMap.dds' to 'D:\\Perforce\\girn2102_L06680-04-80934_develop_9811\\LaGrandeCourse\\x64\\Debug\LayoutMap.dds'
    installing 'D:\\Perforce\\girn2102_L06680-04-80934_develop_9811\\LaGrandeCourse\Resources\magnifique_fond_menu.dds' to 'D:\\Perforce\\girn2102_L06680-04-80934_develop_9811\\LaGrandeCourse\\x64\\Debug\magnifique_fond_menu.dds'
    installing 'D:\\Perforce\\girn2102_L06680-04-80934_develop_9811\\LaGrandeCourse\Resources\Map_limits.dds' to 'D:\\Perforce\\girn2102_L06680-04-80934_develop_9811\\LaGrandeCourse\\x64\\Debug\Map_limits.dds'
    installing 'D:\\Perforce\\girn2102_L06680-04-80934_develop_9811\\LaGrandeCourse\Resources\Map_limits.mtl' to 'D:\\Perforce\\girn2102_L06680-04-80934_develop_9811\\LaGrandeCourse\\x64\\Debug\Map_limits.mtl'
    installing 'D:\\Perforce\\girn2102_L06680-04-80934_develop_9811\\LaGrandeCourse\Resources\Map_limits.obj' to 'D:\\Perforce\\girn2102_L06680-04-80934_develop_9811\\LaGrandeCourse\\x64\\Debug\Map_limits.obj'
    installing 'D:\\Perforce\\girn2102_L06680-04-80934_develop_9811\\LaGrandeCourse\Resources\menu_jeux.dds' to 'D:\\Perforce\\girn2102_L06680-04-80934_develop_9811\\LaGrandeCourse\\x64\\Debug\menu_jeux.dds'
    installing 'D:\\Perforce\\girn2102_L06680-04-80934_develop_9811\\LaGrandeCourse\Resources\murs' to 'D:\\Perforce\\girn2102_L06680-04-80934_develop_9811\\LaGrandeCourse\\x64\\Debug\murs'
    installing 'D:\\Perforce\\girn2102_L06680-04-80934_develop_9811\\LaGrandeCourse\Resources\out.patch' to 'D:\\Perforce\\girn2102_L06680-04-80934_develop_9811\\LaGrandeCourse\\x64\\Debug\out.patch'
    installing 'D:\\Perforce\\girn2102_L06680-04-80934_develop_9811\\LaGrandeCourse\Resources\out_old.patch' to 'D:\\Perforce\\girn2102_L06680-04-80934_develop_9811\\LaGrandeCourse\\x64\\Debug\out_old.patch'
    installing 'D:\\Perforce\\girn2102_L06680-04-80934_develop_9811\\LaGrandeCourse\Resources\PetitMoteur3D.aps' to 'D:\\Perforce\\girn2102_L06680-04-80934_develop_9811\\LaGrandeCourse\\x64\\Debug\PetitMoteur3D.aps'
    installing 'D:\\Perforce\\girn2102_L06680-04-80934_develop_9811\\LaGrandeCourse\Resources\PetitMoteur3D.ico' to 'D:\\Perforce\\girn2102_L06680-04-80934_develop_9811\\LaGrandeCourse\\x64\\Debug\PetitMoteur3D.ico'
    installing 'D:\\Perforce\\girn2102_L06680-04-80934_develop_9811\\LaGrandeCourse\Resources\PetitMoteur3D.rc' to 'D:\\Perforce\\girn2102_L06680-04-80934_develop_9811\\LaGrandeCourse\\x64\\Debug\PetitMoteur3D.rc'
    installing 'D:\\Perforce\\girn2102_L06680-04-80934_develop_9811\\LaGrandeCourse\Resources\player.mtl' to 'D:\\Perforce\\girn2102_L06680-04-80934_develop_9811\\LaGrandeCourse\\x64\\Debug\player.mtl'
    installing 'D:\\Perforce\\girn2102_L06680-04-80934_develop_9811\\LaGrandeCourse\Resources\player.obj' to 'D:\\Perforce\\girn2102_L06680-04-80934_develop_9811\\LaGrandeCourse\\x64\\Debug\player.obj'
    installing 'D:\\Perforce\\girn2102_L06680-04-80934_develop_9811\\LaGrandeCourse\Resources\resource.h' to 'D:\\Perforce\\girn2102_L06680-04-80934_develop_9811\\LaGrandeCourse\\x64\\Debug\resource.h'
    installing 'D:\\Perforce\\girn2102_L06680-04-80934_develop_9811\\LaGrandeCourse\Resources\reticule_de_la_mort.dds' to 'D:\\Perforce\\girn2102_L06680-04-80934_develop_9811\\LaGrandeCourse\\x64\\Debug\reticule_de_la_mort.dds'
    installing 'D:\\Perforce\\girn2102_L06680-04-80934_develop_9811\\LaGrandeCourse\Resources\reticule_de_la_mort.png' to 'D:\\Perforce\\girn2102_L06680-04-80934_develop_9811\\LaGrandeCourse\\x64\\Debug\reticule_de_la_mort.png'
    installing 'D:\\Perforce\\girn2102_L06680-04-80934_develop_9811\\LaGrandeCourse\Resources\reticule_de_la_mort.xcf' to 'D:\\Perforce\\girn2102_L06680-04-80934_develop_9811\\LaGrandeCourse\\x64\\Debug\reticule_de_la_mort.xcf'
    installing 'D:\\Perforce\\girn2102_L06680-04-80934_develop_9811\\LaGrandeCourse\Resources\Salsa_64.mtl' to 'D:\\Perforce\\girn2102_L06680-04-80934_develop_9811\\LaGrandeCourse\\x64\\Debug\Salsa_64.mtl'
    installing 'D:\\Perforce\\girn2102_L06680-04-80934_develop_9811\\LaGrandeCourse\Resources\Salsa_64.obj' to 'D:\\Perforce\\girn2102_L06680-04-80934_develop_9811\\LaGrandeCourse\\x64\\Debug\Salsa_64.obj'
    installing 'D:\\Perforce\\girn2102_L06680-04-80934_develop_9811\\LaGrandeCourse\Resources\Salsa_64_2.mtl' to 'D:\\Perforce\\girn2102_L06680-04-80934_develop_9811\\LaGrandeCourse\\x64\\Debug\Salsa_64_2.mtl'
    installing 'D:\\Perforce\\girn2102_L06680-04-80934_develop_9811\\LaGrandeCourse\Resources\Salsa_64_2.obj' to 'D:\\Perforce\\girn2102_L06680-04-80934_develop_9811\\LaGrandeCourse\\x64\\Debug\Salsa_64_2.obj'
    installing 'D:\\Perforce\\girn2102_L06680-04-80934_develop_9811\\LaGrandeCourse\Resources\shittyromanhouse.obj' to 'D:\\Perforce\\girn2102_L06680-04-80934_develop_9811\\LaGrandeCourse\\x64\\Debug\shittyromanhouse.obj'
    installing 'D:\\Perforce\\girn2102_L06680-04-80934_develop_9811\\LaGrandeCourse\Resources\SimpleNormal.dds' to 'D:\\Perforce\\girn2102_L06680-04-80934_develop_9811\\LaGrandeCourse\\x64\\Debug\SimpleNormal.dds'
    installing 'D:\\Perforce\\girn2102_L06680-04-80934_develop_9811\\LaGrandeCourse\Resources\SimpleTexture.dds' to 'D:\\Perforce\\girn2102_L06680-04-80934_develop_9811\\LaGrandeCourse\\x64\\Debug\SimpleTexture.dds'
    installing 'D:\\Perforce\\girn2102_L06680-04-80934_develop_9811\\LaGrandeCourse\Resources\skybox.fbx' to 'D:\\Perforce\\girn2102_L06680-04-80934_develop_9811\\LaGrandeCourse\\x64\\Debug\skybox.fbx'
    installing 'D:\\Perforce\\girn2102_L06680-04-80934_develop_9811\\LaGrandeCourse\Resources\small.ico' to 'D:\\Perforce\\girn2102_L06680-04-80934_develop_9811\\LaGrandeCourse\\x64\\Debug\small.ico'
    installing 'D:\\Perforce\\girn2102_L06680-04-80934_develop_9811\\LaGrandeCourse\Resources\smooth_sphere.obj' to 'D:\\Perforce\\girn2102_L06680-04-80934_develop_9811\\LaGrandeCourse\\x64\\Debug\smooth_sphere.obj'
    installing 'D:\\Perforce\\girn2102_L06680-04-80934_develop_9811\\LaGrandeCourse\Resources\SphereLight.mtl' to 'D:\\Perforce\\girn2102_L06680-04-80934_develop_9811\\LaGrandeCourse\\x64\\Debug\SphereLight.mtl'
    installing 'D:\\Perforce\\girn2102_L06680-04-80934_develop_9811\\LaGrandeCourse\Resources\SphereLight.obj' to 'D:\\Perforce\\girn2102_L06680-04-80934_develop_9811\\LaGrandeCourse\\x64\\Debug\SphereLight.obj'
    installing 'D:\\Perforce\\girn2102_L06680-04-80934_develop_9811\\LaGrandeCourse\Resources\tron_men.dds' to 'D:\\Perforce\\girn2102_L06680-04-80934_develop_9811\\LaGrandeCourse\\x64\\Debug\tron_men.dds'
    installing 'D:\\Perforce\\girn2102_L06680-04-80934_develop_9811\\LaGrandeCourse\Resources\tron_skybox.dds' to 'D:\\Perforce\\girn2102_L06680-04-80934_develop_9811\\LaGrandeCourse\\x64\\Debug\tron_skybox.dds'
    installing 'D:\\Perforce\\girn2102_L06680-04-80934_develop_9811\\LaGrandeCourse\Resources\ukiki_tex.dds' to 'D:\\Perforce\\girn2102_L06680-04-80934_develop_9811\\LaGrandeCourse\\x64\\Debug\ukiki_tex.dds'
    installing 'D:\\Perforce\\girn2102_L06680-04-80934_develop_9811\\LaGrandeCourse\Resources\untitled.obj' to 'D:\\Perforce\\girn2102_L06680-04-80934_develop_9811\\LaGrandeCourse\\x64\\Debug\untitled.obj'
    installing 'D:\\Perforce\\girn2102_L06680-04-80934_develop_9811\\LaGrandeCourse\Resources\Wall_Test_Normal.dds' to 'D:\\Perforce\\girn2102_L06680-04-80934_develop_9811\\LaGrandeCourse\\x64\\Debug\Wall_Test_Normal.dds'
    installing 'D:\\Perforce\\girn2102_L06680-04-80934_develop_9811\\LaGrandeCourse\Resources\Wall_Test_Texture.dds' to 'D:\\Perforce\\girn2102_L06680-04-80934_develop_9811\\LaGrandeCourse\\x64\\Debug\Wall_Test_Texture.dds'
    installing 'D:\\Perforce\\girn2102_L06680-04-80934_develop_9811\\LaGrandeCourse\Resources\world_heightmap.pgm' to 'D:\\Perforce\\girn2102_L06680-04-80934_develop_9811\\LaGrandeCourse\\x64\\Debug\world_heightmap.pgm'
    installing 'D:\\Perforce\\girn2102_L06680-04-80934_develop_9811\\LaGrandeCourse\Resources\world_heightmap.png' to 'D:\\Perforce\\girn2102_L06680-04-80934_develop_9811\\LaGrandeCourse\\x64\\Debug\world_heightmap.png'
  installing shaders...
    installing 'D:\\Perforce\\girn2102_L06680-04-80934_develop_9811\\LaGrandeCourse\Sources\Shader\Bloom.fx' to 'D:\\Perforce\\girn2102_L06680-04-80934_develop_9811\\LaGrandeCourse\\x64\\Debug\Bloom.fx'
    installing 'D:\\Perforce\\girn2102_L06680-04-80934_develop_9811\\LaGrandeCourse\Sources\Shader\Brightness.fx' to 'D:\\Perforce\\girn2102_L06680-04-80934_develop_9811\\LaGrandeCourse\\x64\\Debug\Brightness.fx'
    installing 'D:\\Perforce\\girn2102_L06680-04-80934_develop_9811\\LaGrandeCourse\Sources\Shader\Gizmo.fx' to 'D:\\Perforce\\girn2102_L06680-04-80934_develop_9811\\LaGrandeCourse\\x64\\Debug\Gizmo.fx'
    installing 'D:\\Perforce\\girn2102_L06680-04-80934_develop_9811\\LaGrandeCourse\Sources\Shader\HBlur.fx' to 'D:\\Perforce\\girn2102_L06680-04-80934_develop_9811\\LaGrandeCourse\\x64\\Debug\HBlur.fx'
    installing 'D:\\Perforce\\girn2102_L06680-04-80934_develop_9811\\LaGrandeCourse\Sources\Shader\Hud.fx' to 'D:\\Perforce\\girn2102_L06680-04-80934_develop_9811\\LaGrandeCourse\\x64\\Debug\Hud.fx'
    installing 'D:\\Perforce\\girn2102_L06680-04-80934_develop_9811\\LaGrandeCourse\Sources\Shader\MiniPhong.fx' to 'D:\\Perforce\\girn2102_L06680-04-80934_develop_9811\\LaGrandeCourse\\x64\\Debug\MiniPhong.fx'
    installing 'D:\\Perforce\\girn2102_L06680-04-80934_develop_9811\\LaGrandeCourse\Sources\Shader\MiniPhong.phl' to 'D:\\Perforce\\girn2102_L06680-04-80934_develop_9811\\LaGrandeCourse\\x64\\Debug\MiniPhong.phl'
    installing 'D:\\Perforce\\girn2102_L06680-04-80934_develop_9811\\LaGrandeCourse\Sources\Shader\MiniPhong.vhl' to 'D:\\Perforce\\girn2102_L06680-04-80934_develop_9811\\LaGrandeCourse\\x64\\Debug\MiniPhong.vhl'
    installing 'D:\\Perforce\\girn2102_L06680-04-80934_develop_9811\\LaGrandeCourse\Sources\Shader\ps1.phl' to 'D:\\Perforce\\girn2102_L06680-04-80934_develop_9811\\LaGrandeCourse\\x64\\Debug\ps1.phl'
    installing 'D:\\Perforce\\girn2102_L06680-04-80934_develop_9811\\LaGrandeCourse\Sources\Shader\RadialBlur.fx' to 'D:\\Perforce\\girn2102_L06680-04-80934_develop_9811\\LaGrandeCourse\\x64\\Debug\RadialBlur.fx'
    installing 'D:\\Perforce\\girn2102_L06680-04-80934_develop_9811\\LaGrandeCourse\Sources\Shader\Screen.fx' to 'D:\\Perforce\\girn2102_L06680-04-80934_develop_9811\\LaGrandeCourse\\x64\\Debug\Screen.fx'
    installing 'D:\\Perforce\\girn2102_L06680-04-80934_develop_9811\\LaGrandeCourse\Sources\Shader\ShaderBis.fx' to 'D:\\Perforce\\girn2102_L06680-04-80934_develop_9811\\LaGrandeCourse\\x64\\Debug\ShaderBis.fx'
    installing 'D:\\Perforce\\girn2102_L06680-04-80934_develop_9811\\LaGrandeCourse\Sources\Shader\Skybox.fx' to 'D:\\Perforce\\girn2102_L06680-04-80934_develop_9811\\LaGrandeCourse\\x64\\Debug\Skybox.fx'
    installing 'D:\\Perforce\\girn2102_L06680-04-80934_develop_9811\\LaGrandeCourse\Sources\Shader\Terrain.fx' to 'D:\\Perforce\\girn2102_L06680-04-80934_develop_9811\\LaGrandeCourse\\x64\\Debug\Terrain.fx'
    installing 'D:\\Perforce\\girn2102_L06680-04-80934_develop_9811\\LaGrandeCourse\Sources\Shader\VBlur.fx' to 'D:\\Perforce\\girn2102_L06680-04-80934_develop_9811\\LaGrandeCourse\\x64\\Debug\VBlur.fx'
    installing 'D:\\Perforce\\girn2102_L06680-04-80934_develop_9811\\LaGrandeCourse\Sources\Shader\vs1.vhl' to 'D:\\Perforce\\girn2102_L06680-04-80934_develop_9811\\LaGrandeCourse\\x64\\Debug\vs1.vhl'
  installing PhysX dlls...
    installing 'D:\\Perforce\\girn2102_L06680-04-80934_develop_9811\\LaGrandeCourse\lib\PhysX\PxShared\Bin\PxFoundationDEBUG_x64.dll' to 'D:\\Perforce\\girn2102_L06680-04-80934_develop_9811\\LaGrandeCourse\\x64\\Debug\PxFoundationDEBUG_x64.dll'
    installing 'D:\\Perforce\\girn2102_L06680-04-80934_develop_9811\\LaGrandeCourse\lib\PhysX\PxShared\Bin\PxPvdSDKDEBUG_x64.dll' to 'D:\\Perforce\\girn2102_L06680-04-80934_develop_9811\\LaGrandeCourse\\x64\\Debug\PxPvdSDKDEBUG_x64.dll'
    installing 'D:\\Perforce\\girn2102_L06680-04-80934_develop_9811\\LaGrandeCourse\lib\PhysX\PhysX-3.4\Bin\PhysX3DEBUG_x64.dll' to 'D:\\Perforce\\girn2102_L06680-04-80934_develop_9811\\LaGrandeCourse\\x64\\Debug\PhysX3DEBUG_x64.dll'
    installing 'D:\\Perforce\\girn2102_L06680-04-80934_develop_9811\\LaGrandeCourse\lib\PhysX\PhysX-3.4\Bin\PhysX3CommonDEBUG_x64.dll' to 'D:\\Perforce\\girn2102_L06680-04-80934_develop_9811\\LaGrandeCourse\\x64\\Debug\PhysX3CommonDEBUG_x64.dll'
    installing 'D:\\Perforce\\girn2102_L06680-04-80934_develop_9811\\LaGrandeCourse\lib\PhysX\PhysX-3.4\Bin\PhysX3CookingDEBUG_x64.dll' to 'D:\\Perforce\\girn2102_L06680-04-80934_develop_9811\\LaGrandeCourse\\x64\\Debug\PhysX3CookingDEBUG_x64.dll'
    installing 'D:\\Perforce\\girn2102_L06680-04-80934_develop_9811\\LaGrandeCourse\lib\PhysX\PhysX-3.4\Bin\nvToolsExt64_1.dll' to 'D:\\Perforce\\girn2102_L06680-04-80934_develop_9811\\LaGrandeCourse\\x64\\Debug\nvToolsExt64_1.dll'
  installing assimp dlls...
    installing 'D:\\Perforce\\girn2102_L06680-04-80934_develop_9811\\LaGrandeCourse\lib\assimp\bin\Debug\assimp-vc140-mt.dll' to 'D:\\Perforce\\girn2102_L06680-04-80934_develop_9811\\LaGrandeCourse\\x64\\Debug\assimp-vc140-mt.dll'
